<?xml version="1.0" encoding="UTF-8"?>
<!-- Generated by org.testng.reporters.JUnitReportReporter -->
<testsuite hostname="Kavya" failures="0" tests="1" name="com.BankingProject.testCases.TC_LoginTest_001" time="5.931" errors="0" timestamp="2023-09-13T17:23:58 IST" skipped="0">
  <testcase classname="com.BankingProject.testCases.TC_LoginTest_001" name="loginTest" time="5.931"/>
  <system-out/>
</testsuite> <!-- com.BankingProject.testCases.TC_LoginTest_001 -->
